C:\Program Files (x86)\MSBuild\Microsoft.Cpp\v4.0\V140\Microsoft.CppBuild.targets(368,5): warning MSB8004: Output Directory does not end with a trailing slash.  This build instance will add the slash as it is required to allow proper evaluation of the Output Directory.
  main.cpp
c:\users\admin\documents\zpwm_git\zpwm\zajęcia 15.05 dźwięk directx — kopia\source\main.cpp(17): warning C4244: '=': conversion from 'double' to 'BYTE', possible loss of data
c:\users\admin\documents\zpwm_git\zpwm\zajęcia 15.05 dźwięk directx — kopia\source\main.cpp(43): warning C4244: '=': conversion from 'double' to 'BYTE', possible loss of data
c:\users\admin\documents\zpwm_git\zpwm\zajęcia 15.05 dźwięk directx — kopia\source\main.cpp(51): warning C4305: 'initializing': truncation from 'double' to 'float'
c:\users\admin\documents\zpwm_git\zpwm\zajęcia 15.05 dźwięk directx — kopia\source\main.cpp(53): warning C4305: 'initializing': truncation from 'double' to 'float'
c:\users\admin\documents\zpwm_git\zpwm\zajęcia 15.05 dźwięk directx — kopia\source\main.cpp(54): warning C4305: 'initializing': truncation from 'double' to 'float'
c:\users\admin\documents\zpwm_git\zpwm\zajęcia 15.05 dźwięk directx — kopia\source\main.cpp(55): warning C4305: 'initializing': truncation from 'double' to 'float'
c:\users\admin\documents\zpwm_git\zpwm\zajęcia 15.05 dźwięk directx — kopia\source\main.cpp(56): warning C4305: 'initializing': truncation from 'double' to 'float'
c:\users\admin\documents\zpwm_git\zpwm\zajęcia 15.05 dźwięk directx — kopia\source\main.cpp(61): warning C4305: 'initializing': truncation from 'double' to 'float'
c:\users\admin\documents\zpwm_git\zpwm\zajęcia 15.05 dźwięk directx — kopia\source\main.cpp(62): warning C4305: 'initializing': truncation from 'double' to 'float'
c:\users\admin\documents\zpwm_git\zpwm\zajęcia 15.05 dźwięk directx — kopia\source\main.cpp(63): warning C4305: 'initializing': truncation from 'double' to 'float'
c:\users\admin\documents\zpwm_git\zpwm\zajęcia 15.05 dźwięk directx — kopia\source\main.cpp(64): warning C4305: 'initializing': truncation from 'double' to 'float'
c:\users\admin\documents\zpwm_git\zpwm\zajęcia 15.05 dźwięk directx — kopia\source\main.cpp(67): warning C4305: 'initializing': truncation from 'double' to 'float'
c:\users\admin\documents\zpwm_git\zpwm\zajęcia 15.05 dźwięk directx — kopia\source\main.cpp(75): warning C4244: 'initializing': conversion from 'DWORD' to 'float', possible loss of data
c:\users\admin\documents\zpwm_git\zpwm\zajęcia 15.05 dźwięk directx — kopia\source\main.cpp(163): warning C4305: 'argument': truncation from 'double' to 'float'
c:\users\admin\documents\zpwm_git\zpwm\zajęcia 15.05 dźwięk directx — kopia\source\main.cpp(140): warning C4101: 'devId': unreferenced local variable
c:\users\admin\documents\zpwm_git\zpwm\zajęcia 15.05 dźwięk directx — kopia\source\main.cpp(216): warning C4244: 'argument': conversion from 'DWORD' to 'float', possible loss of data
c:\users\admin\documents\zpwm_git\zpwm\zajęcia 15.05 dźwięk directx — kopia\source\main.cpp(216): warning C4244: 'argument': conversion from 'double' to 'int', possible loss of data
c:\users\admin\documents\zpwm_git\zpwm\zajęcia 15.05 dźwięk directx — kopia\source\main.cpp(219): warning C4244: 'argument': conversion from 'DWORD' to 'float', possible loss of data
c:\users\admin\documents\zpwm_git\zpwm\zajęcia 15.05 dźwięk directx — kopia\source\main.cpp(219): warning C4244: 'argument': conversion from 'double' to 'int', possible loss of data
c:\users\admin\documents\zpwm_git\zpwm\zajęcia 15.05 dźwięk directx — kopia\source\main.cpp(222): warning C4244: 'argument': conversion from 'DWORD' to 'float', possible loss of data
c:\users\admin\documents\zpwm_git\zpwm\zajęcia 15.05 dźwięk directx — kopia\source\main.cpp(222): warning C4244: 'argument': conversion from 'double' to 'int', possible loss of data
c:\users\admin\documents\zpwm_git\zpwm\zajęcia 15.05 dźwięk directx — kopia\source\main.cpp(225): warning C4244: 'argument': conversion from 'DWORD' to 'float', possible loss of data
c:\users\admin\documents\zpwm_git\zpwm\zajęcia 15.05 dźwięk directx — kopia\source\main.cpp(225): warning C4244: 'argument': conversion from 'double' to 'int', possible loss of data
c:\users\admin\documents\zpwm_git\zpwm\zajęcia 15.05 dźwięk directx — kopia\source\main.cpp(228): warning C4244: 'argument': conversion from 'DWORD' to 'float', possible loss of data
c:\users\admin\documents\zpwm_git\zpwm\zajęcia 15.05 dźwięk directx — kopia\source\main.cpp(228): warning C4244: 'argument': conversion from 'double' to 'int', possible loss of data
c:\users\admin\documents\zpwm_git\zpwm\zajęcia 15.05 dźwięk directx — kopia\source\main.cpp(231): warning C4244: 'argument': conversion from 'DWORD' to 'float', possible loss of data
c:\users\admin\documents\zpwm_git\zpwm\zajęcia 15.05 dźwięk directx — kopia\source\main.cpp(231): warning C4244: 'argument': conversion from 'double' to 'int', possible loss of data
c:\users\admin\documents\zpwm_git\zpwm\zajęcia 15.05 dźwięk directx — kopia\source\main.cpp(234): warning C4244: 'argument': conversion from 'DWORD' to 'float', possible loss of data
c:\users\admin\documents\zpwm_git\zpwm\zajęcia 15.05 dźwięk directx — kopia\source\main.cpp(234): warning C4244: 'argument': conversion from 'double' to 'int', possible loss of data
c:\users\admin\documents\zpwm_git\zpwm\zajęcia 15.05 dźwięk directx — kopia\source\main.cpp(237): warning C4244: 'argument': conversion from 'DWORD' to 'float', possible loss of data
c:\users\admin\documents\zpwm_git\zpwm\zajęcia 15.05 dźwięk directx — kopia\source\main.cpp(237): warning C4244: 'argument': conversion from 'double' to 'int', possible loss of data
  make.visual.2015.vcxproj -> C:\Users\ADMIN\Documents\ZPwM_Git\ZPwM\Zajęcia 15.05 dźwięk DirectX — kopia\make.visual\\..\bin\Projekt1.exe
  make.visual.2015.vcxproj -> C:\Users\ADMIN\Documents\ZPwM_Git\ZPwM\Zajęcia 15.05 dźwięk DirectX — kopia\make.visual\\..\bin\Projekt1.pdb (Partial PDB)
